<?xml version="1.1" encoding="UTF-8"?>
<testsuite name="com.artisan.radiohere.ArtistObservableFactoryTest$WithTwoGigsFromDifferentArtistsWithOneTrackEach" tests="9" failures="0" errors="0" timestamp="2014-05-26T07:24:34" hostname="localhost" time="0.321">
  <properties/>
  <testcase name="shouldBeTwoArtists" classname="com.artisan.radiohere.ArtistObservableFactoryTest$WithTwoGigsFromDifferentArtistsWithOneTrackEach" time="0.291"/>
  <testcase name="shouldBeOneGigForFirstArtist" classname="com.artisan.radiohere.ArtistObservableFactoryTest$WithTwoGigsFromDifferentArtistsWithOneTrackEach" time="0.003"/>
  <testcase name="shouldBeOneGigForSecondArtist" classname="com.artisan.radiohere.ArtistObservableFactoryTest$WithTwoGigsFromDifferentArtistsWithOneTrackEach" time="0.006"/>
  <testcase name="shouldBeOneTracksForFirstArtist" classname="com.artisan.radiohere.ArtistObservableFactoryTest$WithTwoGigsFromDifferentArtistsWithOneTrackEach" time="0.003"/>
  <testcase name="shouldBeOneTracksForSecondArtist" classname="com.artisan.radiohere.ArtistObservableFactoryTest$WithTwoGigsFromDifferentArtistsWithOneTrackEach" time="0.003"/>
  <testcase name="shouldHaveTheFirstArtistGigDetails" classname="com.artisan.radiohere.ArtistObservableFactoryTest$WithTwoGigsFromDifferentArtistsWithOneTrackEach" time="0.003"/>
  <testcase name="shouldHaveTheSecondArtistGigDetails" classname="com.artisan.radiohere.ArtistObservableFactoryTest$WithTwoGigsFromDifferentArtistsWithOneTrackEach" time="0.003"/>
  <testcase name="shouldHaveTheFirstArtistTrackDetails" classname="com.artisan.radiohere.ArtistObservableFactoryTest$WithTwoGigsFromDifferentArtistsWithOneTrackEach" time="0.003"/>
  <testcase name="shouldHaveTheSecondArtistTrackDetails" classname="com.artisan.radiohere.ArtistObservableFactoryTest$WithTwoGigsFromDifferentArtistsWithOneTrackEach" time="0.003"/>
  <system-out><![CDATA[]]></system-out>
  <system-err><![CDATA[]]></system-err>
</testsuite>
