<?xml version="1.1" encoding="UTF-8"?>
<testsuite name="com.artisan.radiohere.GigObservableFactoryTest$WithManyPages" tests="3" failures="0" errors="0" timestamp="2014-05-26T07:24:34" hostname="localhost" time="0.038">
  <properties/>
  <testcase name="shouldObserveTwoGigs" classname="com.artisan.radiohere.GigObservableFactoryTest$WithManyPages" time="0.032"/>
  <testcase name="shouldProvideTheFirstGig" classname="com.artisan.radiohere.GigObservableFactoryTest$WithManyPages" time="0.003"/>
  <testcase name="shouldProvideTheSecondGig" classname="com.artisan.radiohere.GigObservableFactoryTest$WithManyPages" time="0.003"/>
  <system-out><![CDATA[]]></system-out>
  <system-err><![CDATA[]]></system-err>
</testsuite>
