<?xml version="1.1" encoding="UTF-8"?>
<testsuite name="com.artisan.radiohere.CoordinateTest" tests="2" failures="0" errors="0" timestamp="2014-05-26T07:24:34" hostname="localhost" time="0.002">
  <properties/>
  <testcase name="distanceBetweenPoints" classname="com.artisan.radiohere.CoordinateTest" time="0.002"/>
  <testcase name="distanceBetweenSamePoint" classname="com.artisan.radiohere.CoordinateTest" time="0.0"/>
  <system-out><![CDATA[]]></system-out>
  <system-err><![CDATA[]]></system-err>
</testsuite>
