<?xml version="1.1" encoding="UTF-8"?>
<testsuite name="com.artisan.radiohere.ArtistObservableFactoryTest$WithTwoGigsFromSameArtistAndTwoTracks" tests="9" failures="0" errors="0" timestamp="2014-05-26T07:24:34" hostname="localhost" time="0.028">
  <properties/>
  <testcase name="shouldBeTwoArtists" classname="com.artisan.radiohere.ArtistObservableFactoryTest$WithTwoGigsFromSameArtistAndTwoTracks" time="0.003"/>
  <testcase name="firstEmittedArtistShouldHaveOneGig" classname="com.artisan.radiohere.ArtistObservableFactoryTest$WithTwoGigsFromSameArtistAndTwoTracks" time="0.003"/>
  <testcase name="firstEmittedArtistShouldHaveTwoTracks" classname="com.artisan.radiohere.ArtistObservableFactoryTest$WithTwoGigsFromSameArtistAndTwoTracks" time="0.003"/>
  <testcase name="firstEmittedArtistShouldHaveTheGigDetails" classname="com.artisan.radiohere.ArtistObservableFactoryTest$WithTwoGigsFromSameArtistAndTwoTracks" time="0.002"/>
  <testcase name="firstEmittedArtistShouldHaveTheTrackDetails" classname="com.artisan.radiohere.ArtistObservableFactoryTest$WithTwoGigsFromSameArtistAndTwoTracks" time="0.006"/>
  <testcase name="secondEmittedArtistShouldHaveTwoGigs" classname="com.artisan.radiohere.ArtistObservableFactoryTest$WithTwoGigsFromSameArtistAndTwoTracks" time="0.003"/>
  <testcase name="secondEmittedArtistShouldHaveTwoTracks" classname="com.artisan.radiohere.ArtistObservableFactoryTest$WithTwoGigsFromSameArtistAndTwoTracks" time="0.003"/>
  <testcase name="secondEmittedArtistShouldHaveTheGigDetails" classname="com.artisan.radiohere.ArtistObservableFactoryTest$WithTwoGigsFromSameArtistAndTwoTracks" time="0.002"/>
  <testcase name="secondEmittedArtistShouldHaveTheTrackDetails" classname="com.artisan.radiohere.ArtistObservableFactoryTest$WithTwoGigsFromSameArtistAndTwoTracks" time="0.003"/>
  <system-out><![CDATA[]]></system-out>
  <system-err><![CDATA[]]></system-err>
</testsuite>
