<?xml version="1.1" encoding="UTF-8"?>
<testsuite name="com.artisan.radiohere.TrackObservableFactoryTest$WithManyTracks" tests="3" failures="0" errors="0" timestamp="2014-05-26T07:24:34" hostname="localhost" time="0.005">
  <properties/>
  <testcase name="shouldProvideTheFirstTrack" classname="com.artisan.radiohere.TrackObservableFactoryTest$WithManyTracks" time="0.002"/>
  <testcase name="shouldObserveTwoTracks" classname="com.artisan.radiohere.TrackObservableFactoryTest$WithManyTracks" time="0.001"/>
  <testcase name="shouldProvideTheSecondTrack" classname="com.artisan.radiohere.TrackObservableFactoryTest$WithManyTracks" time="0.002"/>
  <system-out><![CDATA[]]></system-out>
  <system-err><![CDATA[]]></system-err>
</testsuite>
