<?xml version="1.1" encoding="UTF-8"?>
<testsuite name="radiohere.TrackObservableFactoryTest$WithManyTracks" tests="3" failures="0" errors="0" timestamp="2014-05-26T06:55:05" hostname="localhost" time="0.003">
  <properties/>
  <testcase name="shouldObserveTwoTracks" classname="radiohere.TrackObservableFactoryTest$WithManyTracks" time="0.001"/>
  <testcase name="shouldProvideTheSecondTrack" classname="radiohere.TrackObservableFactoryTest$WithManyTracks" time="0.001"/>
  <testcase name="shouldProvideTheFirstTrack" classname="radiohere.TrackObservableFactoryTest$WithManyTracks" time="0.001"/>
  <system-out><![CDATA[]]></system-out>
  <system-err><![CDATA[]]></system-err>
</testsuite>
