<?xml version="1.1" encoding="UTF-8"?>
<testsuite name="radiohere.ArtistObservableFactoryTest$WithOneGigAndTwoTracks" tests="5" failures="0" errors="0" timestamp="2014-05-26T06:55:05" hostname="localhost" time="0.012">
  <properties/>
  <testcase name="shouldBeOneArtist" classname="radiohere.ArtistObservableFactoryTest$WithOneGigAndTwoTracks" time="0.002"/>
  <testcase name="shouldBeOneGig" classname="radiohere.ArtistObservableFactoryTest$WithOneGigAndTwoTracks" time="0.002"/>
  <testcase name="shouldBeTwoTracks" classname="radiohere.ArtistObservableFactoryTest$WithOneGigAndTwoTracks" time="0.003"/>
  <testcase name="shouldHaveTheGigDetails" classname="radiohere.ArtistObservableFactoryTest$WithOneGigAndTwoTracks" time="0.002"/>
  <testcase name="shouldHaveTheTrackDetails" classname="radiohere.ArtistObservableFactoryTest$WithOneGigAndTwoTracks" time="0.003"/>
  <system-out><![CDATA[]]></system-out>
  <system-err><![CDATA[]]></system-err>
</testsuite>
