<?xml version="1.1" encoding="UTF-8"?>
<testsuite name="com.artisan.radiohere.GigObservableFactoryTest$WithOneGig" tests="6" failures="0" errors="0" timestamp="2014-05-26T07:24:34" hostname="localhost" time="0.008">
  <properties/>
  <testcase name="shouldObserveOneGig" classname="com.artisan.radiohere.GigObservableFactoryTest$WithOneGig" time="0.001"/>
  <testcase name="shouldProvideTheBand" classname="com.artisan.radiohere.GigObservableFactoryTest$WithOneGig" time="0.002"/>
  <testcase name="shouldProvideTheDate" classname="com.artisan.radiohere.GigObservableFactoryTest$WithOneGig" time="0.001"/>
  <testcase name="shouldProvideTheVenueName" classname="com.artisan.radiohere.GigObservableFactoryTest$WithOneGig" time="0.001"/>
  <testcase name="shouldProvideTheVenueId" classname="com.artisan.radiohere.GigObservableFactoryTest$WithOneGig" time="0.0"/>
  <testcase name="shouldProvideTheVenue" classname="com.artisan.radiohere.GigObservableFactoryTest$WithOneGig" time="0.001"/>
  <system-out><![CDATA[]]></system-out>
  <system-err><![CDATA[]]></system-err>
</testsuite>
