<?xml version="1.1" encoding="UTF-8"?>
<testsuite name="radiohere.GigObservableFactoryTest$WithManyGigs" tests="3" failures="0" errors="0" timestamp="2014-05-26T06:55:05" hostname="localhost" time="0.006">
  <properties/>
  <testcase name="shouldObserveTwoGigs" classname="radiohere.GigObservableFactoryTest$WithManyGigs" time="0.002"/>
  <testcase name="shouldProvideTheFirstGig" classname="radiohere.GigObservableFactoryTest$WithManyGigs" time="0.001"/>
  <testcase name="shouldProvideTheSecondGig" classname="radiohere.GigObservableFactoryTest$WithManyGigs" time="0.001"/>
  <system-out><![CDATA[]]></system-out>
  <system-err><![CDATA[]]></system-err>
</testsuite>
