<?xml version="1.1" encoding="UTF-8"?>
<testsuite name="com.artisan.radiohere.ArtistObservableFactoryTest$WithOneGigAndNoTracks" tests="4" failures="0" errors="0" timestamp="2014-05-26T07:24:34" hostname="localhost" time="0.011">
  <properties/>
  <testcase name="shouldHaveTheGigDetails" classname="com.artisan.radiohere.ArtistObservableFactoryTest$WithOneGigAndNoTracks" time="0.002"/>
  <testcase name="shouldBeOneArtist" classname="com.artisan.radiohere.ArtistObservableFactoryTest$WithOneGigAndNoTracks" time="0.003"/>
  <testcase name="shouldHaveOneGig" classname="com.artisan.radiohere.ArtistObservableFactoryTest$WithOneGigAndNoTracks" time="0.002"/>
  <testcase name="shouldHaveNoTracks" classname="com.artisan.radiohere.ArtistObservableFactoryTest$WithOneGigAndNoTracks" time="0.004"/>
  <system-out><![CDATA[]]></system-out>
  <system-err><![CDATA[]]></system-err>
</testsuite>
