<?xml version="1.1" encoding="UTF-8"?>
<testsuite name="radiohere.ArtistObservableFactoryTest$WithTwoGigsFromDifferentArtistsWithOneTrackEach" tests="9" failures="0" errors="0" timestamp="2014-05-26T06:55:05" hostname="localhost" time="0.203">
  <properties/>
  <testcase name="shouldBeTwoArtists" classname="radiohere.ArtistObservableFactoryTest$WithTwoGigsFromDifferentArtistsWithOneTrackEach" time="0.176"/>
  <testcase name="shouldBeOneGigForFirstArtist" classname="radiohere.ArtistObservableFactoryTest$WithTwoGigsFromDifferentArtistsWithOneTrackEach" time="0.003"/>
  <testcase name="shouldBeOneGigForSecondArtist" classname="radiohere.ArtistObservableFactoryTest$WithTwoGigsFromDifferentArtistsWithOneTrackEach" time="0.004"/>
  <testcase name="shouldBeOneTracksForFirstArtist" classname="radiohere.ArtistObservableFactoryTest$WithTwoGigsFromDifferentArtistsWithOneTrackEach" time="0.003"/>
  <testcase name="shouldBeOneTracksForSecondArtist" classname="radiohere.ArtistObservableFactoryTest$WithTwoGigsFromDifferentArtistsWithOneTrackEach" time="0.002"/>
  <testcase name="shouldHaveTheFirstArtistGigDetails" classname="radiohere.ArtistObservableFactoryTest$WithTwoGigsFromDifferentArtistsWithOneTrackEach" time="0.002"/>
  <testcase name="shouldHaveTheSecondArtistGigDetails" classname="radiohere.ArtistObservableFactoryTest$WithTwoGigsFromDifferentArtistsWithOneTrackEach" time="0.002"/>
  <testcase name="shouldHaveTheFirstArtistTrackDetails" classname="radiohere.ArtistObservableFactoryTest$WithTwoGigsFromDifferentArtistsWithOneTrackEach" time="0.003"/>
  <testcase name="shouldHaveTheSecondArtistTrackDetails" classname="radiohere.ArtistObservableFactoryTest$WithTwoGigsFromDifferentArtistsWithOneTrackEach" time="0.003"/>
  <system-out><![CDATA[]]></system-out>
  <system-err><![CDATA[]]></system-err>
</testsuite>
