<?xml version="1.1" encoding="UTF-8"?>
<testsuite name="radiohere.TrackObservableFactoryTest$WithMoreTracksThanRequired" tests="2" failures="0" errors="0" timestamp="2014-05-26T06:55:05" hostname="localhost" time="0.011">
  <properties/>
  <testcase name="shouldObserveOneTrack" classname="radiohere.TrackObservableFactoryTest$WithMoreTracksThanRequired" time="0.009"/>
  <testcase name="shouldProvideTheFirstTrack" classname="radiohere.TrackObservableFactoryTest$WithMoreTracksThanRequired" time="0.002"/>
  <system-out><![CDATA[]]></system-out>
  <system-err><![CDATA[]]></system-err>
</testsuite>
