<?xml version="1.1" encoding="UTF-8"?>
<testsuite name="radiohere.ArtistObservableFactoryTest$WithNoGigs" tests="1" failures="0" errors="0" timestamp="2014-05-26T06:55:05" hostname="localhost" time="0.001">
  <properties/>
  <testcase name="shouldBeNoArtists" classname="radiohere.ArtistObservableFactoryTest$WithNoGigs" time="0.001"/>
  <system-out><![CDATA[]]></system-out>
  <system-err><![CDATA[]]></system-err>
</testsuite>
