<?xml version="1.1" encoding="UTF-8"?>
<testsuite name="com.artisan.radiohere.VenueObservableFactoryTest$WithVenue" tests="3" failures="0" errors="0" timestamp="2014-05-26T07:24:34" hostname="localhost" time="0.005">
  <properties/>
  <testcase name="shouldProvideThePostcode" classname="com.artisan.radiohere.VenueObservableFactoryTest$WithVenue" time="0.003"/>
  <testcase name="shouldProvideTheName" classname="com.artisan.radiohere.VenueObservableFactoryTest$WithVenue" time="0.0"/>
  <testcase name="shouldProvideTheLocation" classname="com.artisan.radiohere.VenueObservableFactoryTest$WithVenue" time="0.001"/>
  <system-out><![CDATA[]]></system-out>
  <system-err><![CDATA[]]></system-err>
</testsuite>
