<?xml version="1.1" encoding="UTF-8"?>
<testsuite name="radiohere.GigObservableFactoryTest$WithOneGig" tests="6" failures="0" errors="0" timestamp="2014-05-26T06:55:05" hostname="localhost" time="0.007">
  <properties/>
  <testcase name="shouldObserveOneGig" classname="radiohere.GigObservableFactoryTest$WithOneGig" time="0.001"/>
  <testcase name="shouldProvideTheBand" classname="radiohere.GigObservableFactoryTest$WithOneGig" time="0.002"/>
  <testcase name="shouldProvideTheDate" classname="radiohere.GigObservableFactoryTest$WithOneGig" time="0.001"/>
  <testcase name="shouldProvideTheVenueName" classname="radiohere.GigObservableFactoryTest$WithOneGig" time="0.001"/>
  <testcase name="shouldProvideTheVenueId" classname="radiohere.GigObservableFactoryTest$WithOneGig" time="0.001"/>
  <testcase name="shouldProvideTheVenue" classname="radiohere.GigObservableFactoryTest$WithOneGig" time="0.001"/>
  <system-out><![CDATA[]]></system-out>
  <system-err><![CDATA[]]></system-err>
</testsuite>
