<?xml version="1.1" encoding="UTF-8"?>
<testsuite name="radiohere.GigObservableFactoryTest$WithManyPages" tests="3" failures="0" errors="0" timestamp="2014-05-26T06:55:05" hostname="localhost" time="0.028">
  <properties/>
  <testcase name="shouldObserveTwoGigs" classname="radiohere.GigObservableFactoryTest$WithManyPages" time="0.022"/>
  <testcase name="shouldProvideTheFirstGig" classname="radiohere.GigObservableFactoryTest$WithManyPages" time="0.003"/>
  <testcase name="shouldProvideTheSecondGig" classname="radiohere.GigObservableFactoryTest$WithManyPages" time="0.003"/>
  <system-out><![CDATA[]]></system-out>
  <system-err><![CDATA[]]></system-err>
</testsuite>
