<?xml version="1.1" encoding="UTF-8"?>
<testsuite name="radiohere.VenueObservableFactoryTest$WithVenue" tests="3" failures="0" errors="0" timestamp="2014-05-26T06:55:05" hostname="localhost" time="0.003">
  <properties/>
  <testcase name="shouldProvideThePostcode" classname="radiohere.VenueObservableFactoryTest$WithVenue" time="0.002"/>
  <testcase name="shouldProvideTheName" classname="radiohere.VenueObservableFactoryTest$WithVenue" time="0.001"/>
  <testcase name="shouldProvideTheLocation" classname="radiohere.VenueObservableFactoryTest$WithVenue" time="0.0"/>
  <system-out><![CDATA[]]></system-out>
  <system-err><![CDATA[]]></system-err>
</testsuite>
